2016-03-12 00:06:17,389 [Worker-18] INFO  o.e.m.c.i.l.LifecycleMappingFactory - Using org.eclipse.m2e.jdt.JarLifecycleMapping lifecycle mapping for MavenProject: sn.esp.covoiturage:demo:0.0.1-SNAPSHOT @ C:\Users\thiam\Documents\GitHub\Covoirurage_backend\covoiturage_backend\pom.xml.
2016-03-12 00:06:24,235 [Worker-18] INFO  o.e.m.c.i.embedder.EclipseLogger - Using 'UTF-8' encoding to copy filtered resources.
2016-03-12 00:06:24,241 [Worker-18] INFO  o.e.m.c.i.embedder.EclipseLogger - Copying 1 resource
2016-03-12 00:06:24,260 [Worker-18] INFO  o.e.m.c.i.embedder.EclipseLogger - Copying 0 resource
2016-03-12 00:06:24,264 [Worker-18] INFO  o.e.m.c.i.embedder.EclipseLogger - Using 'UTF-8' encoding to copy filtered resources.
2016-03-12 00:06:24,264 [Worker-18] INFO  o.e.m.c.i.embedder.EclipseLogger - skip non existing resourceDirectory C:\Users\thiam\Documents\GitHub\Covoirurage_backend\covoiturage_backend\src\test\resources
2016-03-12 00:06:35,733 [Worker-5] INFO  o.e.m.c.i.embedder.EclipseLogger - Using 'UTF-8' encoding to copy filtered resources.
2016-03-12 00:06:35,736 [Worker-5] INFO  o.e.m.c.i.embedder.EclipseLogger - Copying 1 resource
2016-03-12 00:06:35,740 [Worker-5] INFO  o.e.m.c.i.embedder.EclipseLogger - Copying 0 resource
2016-03-12 00:06:35,742 [Worker-5] INFO  o.e.m.c.i.embedder.EclipseLogger - Using 'UTF-8' encoding to copy filtered resources.
2016-03-12 00:06:35,742 [Worker-5] INFO  o.e.m.c.i.embedder.EclipseLogger - skip non existing resourceDirectory C:\Users\thiam\Documents\GitHub\Covoirurage_backend\covoiturage_backend\src\test\resources
2016-03-12 00:06:36,507 [Worker-5] INFO  o.e.m.c.i.l.LifecycleMappingFactory - Using org.eclipse.m2e.jdt.JarLifecycleMapping lifecycle mapping for MavenProject: sn.esp.covoituragefrontend:demo:0.0.1-SNAPSHOT @ C:\Users\thiam\Documents\GitHub\Covoirurage_backend\covoiturage_frontend\pom.xml.
2016-03-12 00:06:38,245 [Worker-5] INFO  o.e.m.c.i.embedder.EclipseLogger - Using 'UTF-8' encoding to copy filtered resources.
2016-03-12 00:06:38,246 [Worker-5] INFO  o.e.m.c.i.embedder.EclipseLogger - Copying 0 resource
2016-03-12 00:06:38,248 [Worker-5] INFO  o.e.m.c.i.embedder.EclipseLogger - Copying 0 resource
2016-03-12 00:06:38,252 [Worker-5] INFO  o.e.m.c.i.embedder.EclipseLogger - Using 'UTF-8' encoding to copy filtered resources.
2016-03-12 00:06:38,262 [Worker-5] INFO  o.e.m.c.i.embedder.EclipseLogger - skip non existing resourceDirectory C:\Users\thiam\Documents\GitHub\Covoirurage_backend\covoiturage_frontend\src\test\resources
2016-03-12 00:06:39,790 [Worker-3] INFO  o.e.m.c.i.embedder.EclipseLogger - Using 'UTF-8' encoding to copy filtered resources.
2016-03-12 00:06:39,792 [Worker-3] INFO  o.e.m.c.i.embedder.EclipseLogger - Copying 1 resource
2016-03-12 00:06:39,868 [Worker-3] INFO  o.e.m.c.i.embedder.EclipseLogger - Copying 0 resource
2016-03-12 00:06:39,881 [Worker-3] INFO  o.e.m.c.i.embedder.EclipseLogger - Using 'UTF-8' encoding to copy filtered resources.
2016-03-12 00:06:39,889 [Worker-3] INFO  o.e.m.c.i.embedder.EclipseLogger - skip non existing resourceDirectory C:\Users\thiam\Documents\GitHub\Covoirurage_backend\covoiturage_backend\src\test\resources
2016-03-12 00:06:52,691 [Worker-3] INFO  o.e.m.c.i.embedder.EclipseLogger - Using 'UTF-8' encoding to copy filtered resources.
2016-03-12 00:06:52,693 [Worker-3] INFO  o.e.m.c.i.embedder.EclipseLogger - Copying 0 resource
2016-03-12 00:06:52,759 [Worker-3] INFO  o.e.m.c.i.embedder.EclipseLogger - Copying 0 resource
2016-03-12 00:06:52,771 [Worker-3] INFO  o.e.m.c.i.embedder.EclipseLogger - Using 'UTF-8' encoding to copy filtered resources.
2016-03-12 00:06:52,779 [Worker-3] INFO  o.e.m.c.i.embedder.EclipseLogger - skip non existing resourceDirectory C:\Users\thiam\Documents\GitHub\Covoirurage_backend\covoiturage_frontend\src\test\resources
2016-03-12 00:09:09,499 [Worker-10] INFO  o.e.m.c.i.embedder.EclipseLogger - Using 'UTF-8' encoding to copy filtered resources.
2016-03-12 00:09:09,503 [Worker-10] INFO  o.e.m.c.i.embedder.EclipseLogger - Copying 0 resource
2016-03-12 00:09:09,506 [Worker-10] INFO  o.e.m.c.i.embedder.EclipseLogger - Copying 0 resource
2016-03-12 00:09:09,510 [Worker-10] INFO  o.e.m.c.i.embedder.EclipseLogger - Using 'UTF-8' encoding to copy filtered resources.
2016-03-12 00:09:09,511 [Worker-10] INFO  o.e.m.c.i.embedder.EclipseLogger - skip non existing resourceDirectory C:\Users\thiam\Documents\GitHub\Covoirurage_backend\covoiturage_frontend\src\test\resources
2016-03-12 00:10:05,517 [Worker-4] INFO  o.e.m.c.i.embedder.EclipseLogger - Using 'UTF-8' encoding to copy filtered resources.
2016-03-12 00:10:05,521 [Worker-4] INFO  o.e.m.c.i.embedder.EclipseLogger - Copying 0 resource
2016-03-12 00:10:05,526 [Worker-4] INFO  o.e.m.c.i.embedder.EclipseLogger - Copying 0 resource
2016-03-12 00:10:05,540 [Worker-4] INFO  o.e.m.c.i.embedder.EclipseLogger - Using 'UTF-8' encoding to copy filtered resources.
2016-03-12 00:10:05,541 [Worker-4] INFO  o.e.m.c.i.embedder.EclipseLogger - skip non existing resourceDirectory C:\Users\thiam\Documents\GitHub\Covoirurage_backend\covoiturage_frontend\src\test\resources
